{"/home/jrome/prueba-tecnica/frontend/acme-frontend/src/App.tsx": {"path":"/home/jrome/prueba-tecnica/frontend/acme-frontend/src/App.tsx","statementMap":{"0":{"start":{"line":11,"column":2},"end":{"line":11,"column":null}}},"fnMap":{"0":{"name":"App","decl":{"start":{"line":7,"column":9},"end":{"line":7,"column":15}},"loc":{"start":{"line":7,"column":15},"end":{"line":12,"column":null}}}},"branchMap":{},"s":{"0":3},"f":{"0":3},"b":{}}
,"/home/jrome/prueba-tecnica/frontend/acme-frontend/src/main.tsx": {"path":"/home/jrome/prueba-tecnica/frontend/acme-frontend/src/main.tsx","statementMap":{"0":{"start":{"line":10,"column":0},"end":{"line":20,"column":null}}},"fnMap":{},"branchMap":{},"s":{"0":1},"f":{},"b":{}}
,"/home/jrome/prueba-tecnica/frontend/acme-frontend/src/app/store.ts": {"path":"/home/jrome/prueba-tecnica/frontend/acme-frontend/src/app/store.ts","statementMap":{"0":{"start":{"line":6,"column":16},"end":{"line":23,"column":null}},"1":{"start":{"line":14,"column":6},"end":{"line":14,"column":null}},"2":{"start":{"line":17,"column":6},"end":{"line":17,"column":null}},"3":{"start":{"line":20,"column":6},"end":{"line":20,"column":null}},"4":{"start":{"line":27,"column":60},"end":{"line":27,"column":null}},"5":{"start":{"line":32,"column":21},"end":{"line":36,"column":null}}},"fnMap":{"0":{"name":"(anonymous_0)","decl":{"start":{"line":13,"column":4},"end":{"line":13,"column":17}},"loc":{"start":{"line":13,"column":63},"end":{"line":15,"column":null}}},"1":{"name":"(anonymous_1)","decl":{"start":{"line":16,"column":4},"end":{"line":16,"column":17}},"loc":{"start":{"line":16,"column":53},"end":{"line":18,"column":null}}},"2":{"name":"(anonymous_2)","decl":{"start":{"line":19,"column":4},"end":{"line":19,"column":17}},"loc":{"start":{"line":19,"column":24},"end":{"line":21,"column":null}}}},"branchMap":{},"s":{"0":2,"1":2,"2":1,"3":1,"4":2,"5":2},"f":{"0":2,"1":1,"2":1},"b":{}}
,"/home/jrome/prueba-tecnica/frontend/acme-frontend/src/app/providers/QueryClient.tsx": {"path":"/home/jrome/prueba-tecnica/frontend/acme-frontend/src/app/providers/QueryClient.tsx","statementMap":{"0":{"start":{"line":8,"column":11},"end":{"line":8,"column":null}},"1":{"start":{"line":19,"column":2},"end":{"line":23,"column":null}}},"fnMap":{"0":{"name":"QueryProvider","decl":{"start":{"line":15,"column":16},"end":{"line":15,"column":30}},"loc":{"start":{"line":15,"column":63},"end":{"line":25,"column":null}}}},"branchMap":{},"s":{"0":11,"1":12},"f":{"0":12},"b":{}}
,"/home/jrome/prueba-tecnica/frontend/acme-frontend/src/app/providers/Theme.tsx": {"path":"/home/jrome/prueba-tecnica/frontend/acme-frontend/src/app/providers/Theme.tsx","statementMap":{"0":{"start":{"line":14,"column":2},"end":{"line":18,"column":null}}},"fnMap":{"0":{"name":"AppThemeProvider","decl":{"start":{"line":10,"column":16},"end":{"line":10,"column":33}},"loc":{"start":{"line":10,"column":66},"end":{"line":20,"column":null}}}},"branchMap":{},"s":{"0":3},"f":{"0":3},"b":{}}
,"/home/jrome/prueba-tecnica/frontend/acme-frontend/src/entities/product/api/inventory.ts": {"path":"/home/jrome/prueba-tecnica/frontend/acme-frontend/src/entities/product/api/inventory.ts","statementMap":{"0":{"start":{"line":11,"column":2},"end":{"line":18,"column":null}},"1":{"start":{"line":14,"column":7},"end":{"line":14,"column":null}},"2":{"start":{"line":22,"column":13},"end":{"line":22,"column":null}},"3":{"start":{"line":23,"column":2},"end":{"line":34,"column":null}},"4":{"start":{"line":25,"column":6},"end":{"line":28,"column":null}},"5":{"start":{"line":30,"column":6},"end":{"line":30,"column":null}},"6":{"start":{"line":31,"column":6},"end":{"line":31,"column":null}},"7":{"start":{"line":32,"column":6},"end":{"line":32,"column":null}}},"fnMap":{"0":{"name":"useInventoryQuantity","decl":{"start":{"line":10,"column":16},"end":{"line":10,"column":37}},"loc":{"start":{"line":10,"column":56},"end":{"line":19,"column":null}}},"1":{"name":"(anonymous_1)","decl":{"start":{"line":13,"column":13},"end":{"line":13,"column":null}},"loc":{"start":{"line":14,"column":7},"end":{"line":14,"column":null}}},"2":{"name":"usePurchase","decl":{"start":{"line":21,"column":16},"end":{"line":21,"column":30}},"loc":{"start":{"line":21,"column":30},"end":{"line":35,"column":null}}},"3":{"name":"(anonymous_3)","decl":{"start":{"line":24,"column":16},"end":{"line":24,"column":23}},"loc":{"start":{"line":25,"column":6},"end":{"line":28,"column":null}}},"4":{"name":"(anonymous_4)","decl":{"start":{"line":29,"column":15},"end":{"line":29,"column":16}},"loc":{"start":{"line":29,"column":26},"end":{"line":33,"column":null}}}},"branchMap":{},"s":{"0":5,"1":0,"2":4,"3":4,"4":1,"5":1,"6":1,"7":1},"f":{"0":5,"1":0,"2":4,"3":1,"4":1},"b":{}}
,"/home/jrome/prueba-tecnica/frontend/acme-frontend/src/entities/product/api/products.ts": {"path":"/home/jrome/prueba-tecnica/frontend/acme-frontend/src/entities/product/api/products.ts","statementMap":{"0":{"start":{"line":15,"column":2},"end":{"line":21,"column":null}},"1":{"start":{"line":18,"column":7},"end":{"line":20,"column":null}},"2":{"start":{"line":25,"column":17},"end":{"line":25,"column":null}},"3":{"start":{"line":26,"column":2},"end":{"line":26,"column":null}},"4":{"start":{"line":27,"column":2},"end":{"line":27,"column":null}},"5":{"start":{"line":28,"column":2},"end":{"line":35,"column":null}},"6":{"start":{"line":31,"column":7},"end":{"line":33,"column":null}}},"fnMap":{"0":{"name":"useProduct","decl":{"start":{"line":11,"column":16},"end":{"line":11,"column":27}},"loc":{"start":{"line":11,"column":39},"end":{"line":22,"column":null}}},"1":{"name":"(anonymous_1)","decl":{"start":{"line":17,"column":13},"end":{"line":17,"column":null}},"loc":{"start":{"line":18,"column":7},"end":{"line":20,"column":null}}},"2":{"name":"useProducts","decl":{"start":{"line":24,"column":16},"end":{"line":24,"column":28}},"loc":{"start":{"line":24,"column":68},"end":{"line":36,"column":null}}},"3":{"name":"(anonymous_3)","decl":{"start":{"line":30,"column":13},"end":{"line":30,"column":null}},"loc":{"start":{"line":31,"column":7},"end":{"line":33,"column":null}}}},"branchMap":{},"s":{"0":1,"1":1,"2":3,"3":3,"4":3,"5":3,"6":2},"f":{"0":1,"1":1,"2":3,"3":2},"b":{}}
,"/home/jrome/prueba-tecnica/frontend/acme-frontend/src/entities/product/ui/ProductDetailDrawer.tsx": {"path":"/home/jrome/prueba-tecnica/frontend/acme-frontend/src/entities/product/ui/ProductDetailDrawer.tsx","statementMap":{"0":{"start":{"line":13,"column":39},"end":{"line":13,"column":null}},"1":{"start":{"line":14,"column":14},"end":{"line":14,"column":null}},"2":{"start":{"line":16,"column":19},"end":{"line":16,"column":null}},"3":{"start":{"line":18,"column":2},"end":{"line":52,"column":null}},"4":{"start":{"line":35,"column":18},"end":{"line":35,"column":null}}},"fnMap":{"0":{"name":"ProductDetailDrawer","decl":{"start":{"line":4,"column":16},"end":{"line":4,"column":36}},"loc":{"start":{"line":12,"column":3},"end":{"line":54,"column":null}}},"1":{"name":"(anonymous_1)","decl":{"start":{"line":34,"column":25},"end":{"line":34,"column":null}},"loc":{"start":{"line":35,"column":18},"end":{"line":35,"column":null}}}},"branchMap":{"0":{"loc":{"start":{"line":13,"column":60},"end":{"line":13,"column":75}},"type":"binary-expr","locations":[{"start":{"line":13,"column":60},"end":{"line":13,"column":73}},{"start":{"line":13,"column":73},"end":{"line":13,"column":75}}]},"1":{"loc":{"start":{"line":14,"column":14},"end":{"line":14,"column":null}},"type":"binary-expr","locations":[{"start":{"line":14,"column":14},"end":{"line":14,"column":50}},{"start":{"line":14,"column":50},"end":{"line":14,"column":null}}]},"2":{"loc":{"start":{"line":23,"column":9},"end":{"line":23,"column":null}},"type":"binary-expr","locations":[{"start":{"line":23,"column":9},"end":{"line":23,"column":22}},{"start":{"line":23,"column":22},"end":{"line":23,"column":null}}]},"3":{"loc":{"start":{"line":25,"column":9},"end":{"line":26,"column":null}},"type":"binary-expr","locations":[{"start":{"line":25,"column":9},"end":{"line":25,"column":null}},{"start":{"line":26,"column":10},"end":{"line":26,"column":null}}]},"4":{"loc":{"start":{"line":28,"column":9},"end":{"line":49,"column":null}},"type":"binary-expr","locations":[{"start":{"line":28,"column":9},"end":{"line":28,"column":23}},{"start":{"line":28,"column":23},"end":{"line":28,"column":null}},{"start":{"line":29,"column":10},"end":{"line":49,"column":null}}]},"5":{"loc":{"start":{"line":33,"column":26},"end":{"line":33,"column":null}},"type":"binary-expr","locations":[{"start":{"line":33,"column":26},"end":{"line":33,"column":48}},{"start":{"line":33,"column":48},"end":{"line":33,"column":null}}]},"6":{"loc":{"start":{"line":35,"column":18},"end":{"line":35,"column":null}},"type":"binary-expr","locations":[{"start":{"line":35,"column":18},"end":{"line":35,"column":31}},{"start":{"line":35,"column":31},"end":{"line":35,"column":null}}]},"7":{"loc":{"start":{"line":41,"column":15},"end":{"line":42,"column":null}},"type":"binary-expr","locations":[{"start":{"line":41,"column":15},"end":{"line":41,"column":null}},{"start":{"line":42,"column":16},"end":{"line":42,"column":null}}]},"8":{"loc":{"start":{"line":45,"column":15},"end":{"line":46,"column":null}},"type":"binary-expr","locations":[{"start":{"line":45,"column":15},"end":{"line":45,"column":null}},{"start":{"line":46,"column":16},"end":{"line":46,"column":null}}]}},"s":{"0":9,"1":9,"2":9,"3":9,"4":0},"f":{"0":9,"1":0},"b":{"0":[9,4],"1":[9,4],"2":[9,1],"3":[9,0],"4":[9,8,8],"5":[8,8],"6":[0,0],"7":[8,1],"8":[8,1]}}
,"/home/jrome/prueba-tecnica/frontend/acme-frontend/src/entities/product/ui/ProductsTable.tsx": {"path":"/home/jrome/prueba-tecnica/frontend/acme-frontend/src/entities/product/ui/ProductsTable.tsx","statementMap":{"0":{"start":{"line":19,"column":42},"end":{"line":46,"column":null}},"1":{"start":{"line":35,"column":16},"end":{"line":35,"column":null}},"2":{"start":{"line":36,"column":17},"end":{"line":36,"column":null}},"3":{"start":{"line":37,"column":6},"end":{"line":42,"column":null}},"4":{"start":{"line":63,"column":6},"end":{"line":63,"column":null}},"5":{"start":{"line":65,"column":2},"end":{"line":98,"column":null}}},"fnMap":{"0":{"name":"(anonymous_0)","decl":{"start":{"line":34,"column":16},"end":{"line":34,"column":17}},"loc":{"start":{"line":34,"column":28},"end":{"line":44,"column":null}}},"1":{"name":"ProductsTable","decl":{"start":{"line":48,"column":24},"end":{"line":48,"column":38}},"loc":{"start":{"line":55,"column":3},"end":{"line":100,"column":null}}}},"branchMap":{"0":{"loc":{"start":{"line":35,"column":23},"end":{"line":35,"column":41}},"type":"binary-expr","locations":[{"start":{"line":35,"column":23},"end":{"line":35,"column":39}},{"start":{"line":35,"column":39},"end":{"line":35,"column":41}}]},"1":{"loc":{"start":{"line":40,"column":17},"end":{"line":40,"column":null}},"type":"cond-expr","locations":[{"start":{"line":40,"column":22},"end":{"line":40,"column":33}},{"start":{"line":40,"column":33},"end":{"line":40,"column":null}}]},"2":{"loc":{"start":{"line":41,"column":17},"end":{"line":41,"column":null}},"type":"cond-expr","locations":[{"start":{"line":41,"column":22},"end":{"line":41,"column":34}},{"start":{"line":41,"column":34},"end":{"line":41,"column":null}}]}},"s":{"0":7,"1":2,"2":2,"3":2,"4":4,"5":4},"f":{"0":2,"1":4},"b":{"0":[2,0],"1":[1,1],"2":[1,1]}}
,"/home/jrome/prueba-tecnica/frontend/acme-frontend/src/pages/ProductsPage.tsx": {"path":"/home/jrome/prueba-tecnica/frontend/acme-frontend/src/pages/ProductsPage.tsx","statementMap":{"0":{"start":{"line":13,"column":48},"end":{"line":16,"column":null}},"1":{"start":{"line":17,"column":34},"end":{"line":17,"column":null}},"2":{"start":{"line":19,"column":18},"end":{"line":19,"column":null}},"3":{"start":{"line":20,"column":18},"end":{"line":20,"column":null}},"4":{"start":{"line":22,"column":51},"end":{"line":25,"column":null}},"5":{"start":{"line":27,"column":15},"end":{"line":37,"column":null}},"6":{"start":{"line":29,"column":7},"end":{"line":29,"column":null}},"7":{"start":{"line":30,"column":4},"end":{"line":36,"column":null}},"8":{"start":{"line":30,"column":28},"end":{"line":36,"column":6}},"9":{"start":{"line":40,"column":5},"end":{"line":41,"column":null}},"10":{"start":{"line":43,"column":2},"end":{"line":43,"column":null}},"11":{"start":{"line":43,"column":17},"end":{"line":43,"column":null}},"12":{"start":{"line":44,"column":2},"end":{"line":45,"column":null}},"13":{"start":{"line":45,"column":4},"end":{"line":45,"column":null}},"14":{"start":{"line":47,"column":2},"end":{"line":63,"column":null}},"15":{"start":{"line":56,"column":42},"end":{"line":56,"column":null}},"16":{"start":{"line":61,"column":23},"end":{"line":61,"column":null}}},"fnMap":{"0":{"name":"ProductsPage","decl":{"start":{"line":12,"column":24},"end":{"line":12,"column":39}},"loc":{"start":{"line":12,"column":39},"end":{"line":65,"column":null}}},"1":{"name":"(anonymous_1)","decl":{"start":{"line":27,"column":23},"end":{"line":27,"column":29}},"loc":{"start":{"line":27,"column":29},"end":{"line":37,"column":5}}},"2":{"name":"(anonymous_2)","decl":{"start":{"line":30,"column":20},"end":{"line":30,"column":21}},"loc":{"start":{"line":30,"column":28},"end":{"line":36,"column":6}}},"3":{"name":"(anonymous_3)","decl":{"start":{"line":56,"column":20},"end":{"line":56,"column":21}},"loc":{"start":{"line":56,"column":42},"end":{"line":56,"column":null}}},"4":{"name":"(anonymous_4)","decl":{"start":{"line":61,"column":17},"end":{"line":61,"column":23}},"loc":{"start":{"line":61,"column":23},"end":{"line":61,"column":null}}}},"branchMap":{"0":{"loc":{"start":{"line":29,"column":7},"end":{"line":29,"column":null}},"type":"binary-expr","locations":[{"start":{"line":29,"column":7},"end":{"line":29,"column":69}},{"start":{"line":29,"column":69},"end":{"line":29,"column":null}}]},"1":{"loc":{"start":{"line":40,"column":5},"end":{"line":41,"column":null}},"type":"binary-expr","locations":[{"start":{"line":40,"column":5},"end":{"line":40,"column":null}},{"start":{"line":41,"column":4},"end":{"line":41,"column":null}}]},"2":{"loc":{"start":{"line":43,"column":2},"end":{"line":43,"column":null}},"type":"if","locations":[{"start":{"line":43,"column":2},"end":{"line":43,"column":null}},{"start":{},"end":{}}]},"3":{"loc":{"start":{"line":44,"column":2},"end":{"line":45,"column":null}},"type":"if","locations":[{"start":{"line":44,"column":2},"end":{"line":45,"column":null}},{"start":{},"end":{}}]},"4":{"loc":{"start":{"line":53,"column":17},"end":{"line":53,"column":null}},"type":"binary-expr","locations":[{"start":{"line":53,"column":17},"end":{"line":53,"column":30}},{"start":{"line":53,"column":30},"end":{"line":53,"column":null}}]}},"s":{"0":9,"1":9,"2":9,"3":9,"4":9,"5":9,"6":9,"7":9,"8":4,"9":9,"10":9,"11":3,"12":6,"13":1,"14":5,"15":2,"16":0},"f":{"0":9,"1":9,"2":4,"3":2,"4":0},"b":{"0":[9,4],"1":[9,5],"2":[3,6],"3":[1,5],"4":[5,5]}}
,"/home/jrome/prueba-tecnica/frontend/acme-frontend/src/shared/config/env.ts": {"path":"/home/jrome/prueba-tecnica/frontend/acme-frontend/src/shared/config/env.ts","statementMap":{"0":{"start":{"line":1,"column":19},"end":{"line":7,"column":null}}},"fnMap":{},"branchMap":{},"s":{"0":8},"f":{},"b":{}}
,"/home/jrome/prueba-tecnica/frontend/acme-frontend/src/shared/lib/http.ts": {"path":"/home/jrome/prueba-tecnica/frontend/acme-frontend/src/shared/lib/http.ts","statementMap":{"0":{"start":{"line":13,"column":42},"end":{"line":18,"column":null}},"1":{"start":{"line":19,"column":14},"end":{"line":23,"column":null}},"2":{"start":{"line":24,"column":2},"end":{"line":24,"column":null}},"3":{"start":{"line":24,"column":15},"end":{"line":24,"column":null}},"4":{"start":{"line":25,"column":2},"end":{"line":25,"column":null}},"5":{"start":{"line":29,"column":2},"end":{"line":29,"column":null}},"6":{"start":{"line":33,"column":2},"end":{"line":33,"column":null}}},"fnMap":{"0":{"name":"httpBase","decl":{"start":{"line":12,"column":15},"end":{"line":12,"column":24}},"loc":{"start":{"line":12,"column":77},"end":{"line":26,"column":null}}},"1":{"name":"httpProducts","decl":{"start":{"line":28,"column":16},"end":{"line":28,"column":29}},"loc":{"start":{"line":28,"column":67},"end":{"line":30,"column":null}}},"2":{"name":"httpInventory","decl":{"start":{"line":32,"column":16},"end":{"line":32,"column":30}},"loc":{"start":{"line":32,"column":68},"end":{"line":34,"column":null}}}},"branchMap":{"0":{"loc":{"start":{"line":12,"column":53},"end":{"line":12,"column":77}},"type":"default-arg","locations":[{"start":{"line":12,"column":73},"end":{"line":12,"column":77}}]},"1":{"loc":{"start":{"line":17,"column":8},"end":{"line":17,"column":null}},"type":"binary-expr","locations":[{"start":{"line":17,"column":8},"end":{"line":17,"column":24}},{"start":{"line":17,"column":24},"end":{"line":17,"column":null}}]},"2":{"loc":{"start":{"line":20,"column":12},"end":{"line":20,"column":null}},"type":"binary-expr","locations":[{"start":{"line":20,"column":12},"end":{"line":20,"column":27}},{"start":{"line":20,"column":27},"end":{"line":20,"column":null}}]},"3":{"loc":{"start":{"line":22,"column":10},"end":{"line":22,"column":null}},"type":"cond-expr","locations":[{"start":{"line":22,"column":22},"end":{"line":22,"column":50}},{"start":{"line":22,"column":50},"end":{"line":22,"column":null}}]},"4":{"loc":{"start":{"line":24,"column":2},"end":{"line":24,"column":null}},"type":"if","locations":[{"start":{"line":24,"column":2},"end":{"line":24,"column":null}},{"start":{},"end":{}}]},"5":{"loc":{"start":{"line":28,"column":43},"end":{"line":28,"column":67}},"type":"default-arg","locations":[{"start":{"line":28,"column":63},"end":{"line":28,"column":67}}]},"6":{"loc":{"start":{"line":32,"column":44},"end":{"line":32,"column":68}},"type":"default-arg","locations":[{"start":{"line":32,"column":64},"end":{"line":32,"column":68}}]}},"s":{"0":3,"1":3,"2":2,"3":1,"4":1,"5":2,"6":1},"f":{"0":3,"1":2,"2":1},"b":{"0":[0],"1":[3,3],"2":[3,3],"3":[0,3],"4":[1,1],"5":[2],"6":[1]}}
,"/home/jrome/prueba-tecnica/frontend/acme-frontend/src/theme/index.ts": {"path":"/home/jrome/prueba-tecnica/frontend/acme-frontend/src/theme/index.ts","statementMap":{"0":{"start":{"line":6,"column":21},"end":{"line":15,"column":null}}},"fnMap":{},"branchMap":{},"s":{"0":3},"f":{},"b":{}}
}
